<?xml version="1.0" encoding="UTF-8"?>
<!-- Generated by org.testng.reporters.JUnitReportReporter -->
<testsuite hostname="AK47" name="com.sadi.newtours1.test.LoginTest" tests="2" failures="0" timestamp="17 Apr 2017 18:30:19 GMT" time="40.635" errors="0">
  <testcase name="checkTitle" time="35.411" classname="com.sadi.newtours1.test.LoginTest"/>
  <testcase name="checkLogin" time="5.224" classname="com.sadi.newtours1.test.LoginTest"/>
</testsuite> <!-- com.sadi.newtours1.test.LoginTest -->
